<?xml version="1.0" encoding="UTF-8"?>
<!-- Generated by org.testng.reporters.JUnitXMLReporter -->
<testsuite hostname="Balajis-MBP.lan" ignored="3" name="Default test" tests="1" failures="0" timestamp="2023-01-30T21:15:12 CST" time="0.034" errors="0">
  <testcase name="test4" time="0.007" classname="wellsfargo.LongestPrefix"/>
  <testcase name="test3" time="0.0" classname="wellsfargo.LongestPrefix">
    <ignored/>
  </testcase> <!-- test3 -->
  <testcase name="test2" time="0.0" classname="wellsfargo.LongestPrefix">
    <ignored/>
  </testcase> <!-- test2 -->
  <testcase name="test1" time="0.0" classname="wellsfargo.LongestPrefix">
    <ignored/>
  </testcase> <!-- test1 -->
</testsuite> <!-- Default test -->
